<?xml version="1.0" encoding="UTF-8"?>
<robot generator="Robot 3.1.2 (Python 3.8.0 on win32)" generated="20191124 20:49:02.351" rpa="false">
<suite id="s1" name="02-HomePage" source="C:\Users\anand\PycharmProjects\RPA-Project\TestCases\02-HomePage.robot">
<test id="s1-t1" name="TC002-FirstTC-Search Dresses For Women">
<kw name="Launch Application" library="Login_Keywords" type="setup">
<doc>Keywords for launching app</doc>
<kw name="Open Browser" library="SeleniumLibrary">
<doc>Opens a new browser instance to the optional ``url``.</doc>
<arguments>
<arg>${URL}</arg>
<arg>${Browser}</arg>
</arguments>
<msg timestamp="20191124 20:49:06.996" level="INFO">Opening browser 'Chrome' to base url 'http://automationpractice.com/index.php'.</msg>
<status status="PASS" starttime="20191124 20:49:06.996" endtime="20191124 20:49:21.149"></status>
</kw>
<kw name="Maximize Browser Window" library="SeleniumLibrary">
<doc>Maximizes current browser window.</doc>
<status status="PASS" starttime="20191124 20:49:21.150" endtime="20191124 20:49:25.394"></status>
</kw>
<status status="PASS" starttime="20191124 20:49:06.996" endtime="20191124 20:49:25.394"></status>
</kw>
<kw name="Login Screen,Enter UN and Pwd" library="Login_Keywords">
<doc>Keywords to pick un and pwd</doc>
<arguments>
<arg>${sheetname}</arg>
</arguments>
<kw name="Click Link" library="SeleniumLibrary">
<doc>Clicks a link identified by ``locator``.</doc>
<arguments>
<arg>${link_login}</arg>
</arguments>
<msg timestamp="20191124 20:49:25.396" level="INFO">Clicking link 'xpath://a[@class='login']'.</msg>
<status status="PASS" starttime="20191124 20:49:25.395" endtime="20191124 20:49:32.656"></status>
</kw>
<kw name="Fetch Username" library="login">
<arguments>
<arg>${sheetname}</arg>
</arguments>
<assign>
<var>${un}</var>
</assign>
<msg timestamp="20191124 20:49:32.848" level="INFO">${un} = testermail44@gmail.com</msg>
<status status="PASS" starttime="20191124 20:49:32.656" endtime="20191124 20:49:32.848"></status>
</kw>
<kw name="Fetch Pwd" library="login">
<arguments>
<arg>${sheetname}</arg>
</arguments>
<assign>
<var>${pwd}</var>
</assign>
<msg timestamp="20191124 20:49:32.859" level="INFO">${pwd} = Test@2019</msg>
<status status="PASS" starttime="20191124 20:49:32.848" endtime="20191124 20:49:32.859"></status>
</kw>
<kw name="Input Text" library="SeleniumLibrary">
<doc>Types the given ``text`` into the text field identified by ``locator``.</doc>
<arguments>
<arg>${txt_UN}</arg>
<arg>${un}</arg>
</arguments>
<msg timestamp="20191124 20:49:32.859" level="INFO">Typing text 'testermail44@gmail.com' into text field 'id:email'.</msg>
<status status="PASS" starttime="20191124 20:49:32.859" endtime="20191124 20:49:33.250"></status>
</kw>
<kw name="Input Text" library="SeleniumLibrary">
<doc>Types the given ``text`` into the text field identified by ``locator``.</doc>
<arguments>
<arg>${txt_Pwd}</arg>
<arg>${pwd}</arg>
</arguments>
<msg timestamp="20191124 20:49:33.251" level="INFO">Typing text 'Test@2019' into text field 'id:passwd'.</msg>
<status status="PASS" starttime="20191124 20:49:33.251" endtime="20191124 20:49:33.485"></status>
</kw>
<status status="PASS" starttime="20191124 20:49:25.395" endtime="20191124 20:49:33.485"></status>
</kw>
<kw name="Click Login" library="Login_Keywords">
<doc>Click on Login</doc>
<kw name="Click Button" library="SeleniumLibrary">
<doc>Clicks the button identified by ``locator``.</doc>
<arguments>
<arg>${btn_Submit}</arg>
</arguments>
<msg timestamp="20191124 20:49:33.487" level="INFO">Clicking button 'name:SubmitLogin'.</msg>
<status status="PASS" starttime="20191124 20:49:33.487" endtime="20191124 20:49:38.180"></status>
</kw>
<status status="PASS" starttime="20191124 20:49:33.486" endtime="20191124 20:49:38.181"></status>
</kw>
<kw name="Search for your item" library="Home_Keywords">
<kw name="Press Keys" library="SeleniumLibrary">
<doc>Simulates the user pressing key(s) to an element or on the active browser.</doc>
<arguments>
<arg>${textbox_search}</arg>
<arg>${itemName}</arg>
</arguments>
<msg timestamp="20191124 20:49:38.184" level="INFO">Sending key(s) ('Dresses',) to id:search_query_top element.</msg>
<msg timestamp="20191124 20:49:38.275" level="INFO">Sending keys Dresses</msg>
<status status="PASS" starttime="20191124 20:49:38.183" endtime="20191124 20:49:38.620"></status>
</kw>
<kw name="Click Button" library="SeleniumLibrary">
<doc>Clicks the button identified by ``locator``.</doc>
<arguments>
<arg>${btn_search}</arg>
</arguments>
<msg timestamp="20191124 20:49:38.621" level="INFO">Clicking button 'name:submit_search'.</msg>
<status status="PASS" starttime="20191124 20:49:38.621" endtime="20191124 20:49:41.606"></status>
</kw>
<status status="PASS" starttime="20191124 20:49:38.182" endtime="20191124 20:49:41.607"></status>
</kw>
<kw name="Display The Search Results" library="Home_Keywords">
<kw name="Sleep" library="BuiltIn">
<doc>Pauses the test executed for the given time.</doc>
<arguments>
<arg>2 seconds</arg>
</arguments>
<msg timestamp="20191124 20:49:43.609" level="INFO">Slept 2 seconds</msg>
<status status="PASS" starttime="20191124 20:49:41.608" endtime="20191124 20:49:43.609"></status>
</kw>
<kw name="Get Element Count" library="SeleniumLibrary">
<doc>Returns the number of elements matching ``locator``.</doc>
<arguments>
<arg>${listOfItems}</arg>
</arguments>
<assign>
<var>${count}</var>
</assign>
<msg timestamp="20191124 20:49:43.629" level="INFO">${count} = 7</msg>
<status status="PASS" starttime="20191124 20:49:43.609" endtime="20191124 20:49:43.629"></status>
</kw>
<kw name="Log" library="BuiltIn">
<doc>Logs the given message with the given level.</doc>
<arguments>
<arg>${count}</arg>
</arguments>
<msg timestamp="20191124 20:49:43.629" level="INFO">7</msg>
<status status="PASS" starttime="20191124 20:49:43.629" endtime="20191124 20:49:43.630"></status>
</kw>
<kw name="Log To Console" library="BuiltIn">
<doc>Logs the given message to the console.</doc>
<arguments>
<arg>${count}</arg>
</arguments>
<status status="PASS" starttime="20191124 20:49:43.630" endtime="20191124 20:49:43.630"></status>
</kw>
<kw name="Set Variable" library="BuiltIn">
<doc>Returns the given values which can then be assigned to a variables.</doc>
<arguments>
<arg>//ul[@class='product_list grid row'] /li/div/div/h5/a</arg>
</arguments>
<assign>
<var>${xpath}</var>
</assign>
<msg timestamp="20191124 20:49:43.631" level="INFO">${xpath} = //ul[@class='product_list grid row'] /li/div/div/h5/a</msg>
<status status="PASS" starttime="20191124 20:49:43.631" endtime="20191124 20:49:43.631"></status>
</kw>
<kw name="Create List" library="BuiltIn">
<doc>Returns a list containing given items.</doc>
<assign>
<var>${names}</var>
</assign>
<msg timestamp="20191124 20:49:43.631" level="INFO">${names} = []</msg>
<status status="PASS" starttime="20191124 20:49:43.631" endtime="20191124 20:49:43.631"></status>
</kw>
<kw name="${i} IN RANGE [ 1 | ${count} + 1 ]" type="for">
<kw name="${i} = 1" type="foritem">
<kw name="Get Text" library="SeleniumLibrary">
<doc>Returns the text value of the element identified by ``locator``.</doc>
<arguments>
<arg>xpath=(${xpath})[${i}]</arg>
</arguments>
<assign>
<var>${name}</var>
</assign>
<msg timestamp="20191124 20:49:43.683" level="INFO">${name} = Printed Summer Dress</msg>
<status status="PASS" starttime="20191124 20:49:43.632" endtime="20191124 20:49:43.684"></status>
</kw>
<kw name="Log To Console" library="BuiltIn">
<doc>Logs the given message to the console.</doc>
<arguments>
<arg>${name}</arg>
</arguments>
<status status="PASS" starttime="20191124 20:49:43.684" endtime="20191124 20:49:43.684"></status>
</kw>
<status status="PASS" starttime="20191124 20:49:43.632" endtime="20191124 20:49:43.684"></status>
</kw>
<kw name="${i} = 2" type="foritem">
<kw name="Get Text" library="SeleniumLibrary">
<doc>Returns the text value of the element identified by ``locator``.</doc>
<arguments>
<arg>xpath=(${xpath})[${i}]</arg>
</arguments>
<assign>
<var>${name}</var>
</assign>
<msg timestamp="20191124 20:49:43.722" level="INFO">${name} = Printed Dress</msg>
<status status="PASS" starttime="20191124 20:49:43.685" endtime="20191124 20:49:43.722"></status>
</kw>
<kw name="Log To Console" library="BuiltIn">
<doc>Logs the given message to the console.</doc>
<arguments>
<arg>${name}</arg>
</arguments>
<status status="PASS" starttime="20191124 20:49:43.722" endtime="20191124 20:49:43.722"></status>
</kw>
<status status="PASS" starttime="20191124 20:49:43.684" endtime="20191124 20:49:43.723"></status>
</kw>
<kw name="${i} = 3" type="foritem">
<kw name="Get Text" library="SeleniumLibrary">
<doc>Returns the text value of the element identified by ``locator``.</doc>
<arguments>
<arg>xpath=(${xpath})[${i}]</arg>
</arguments>
<assign>
<var>${name}</var>
</assign>
<msg timestamp="20191124 20:49:43.761" level="INFO">${name} = Printed Summer Dress</msg>
<status status="PASS" starttime="20191124 20:49:43.723" endtime="20191124 20:49:43.762"></status>
</kw>
<kw name="Log To Console" library="BuiltIn">
<doc>Logs the given message to the console.</doc>
<arguments>
<arg>${name}</arg>
</arguments>
<status status="PASS" starttime="20191124 20:49:43.762" endtime="20191124 20:49:43.763"></status>
</kw>
<status status="PASS" starttime="20191124 20:49:43.723" endtime="20191124 20:49:43.763"></status>
</kw>
<kw name="${i} = 4" type="foritem">
<kw name="Get Text" library="SeleniumLibrary">
<doc>Returns the text value of the element identified by ``locator``.</doc>
<arguments>
<arg>xpath=(${xpath})[${i}]</arg>
</arguments>
<assign>
<var>${name}</var>
</assign>
<msg timestamp="20191124 20:49:43.801" level="INFO">${name} = Printed Chiffon Dress</msg>
<status status="PASS" starttime="20191124 20:49:43.763" endtime="20191124 20:49:43.801"></status>
</kw>
<kw name="Log To Console" library="BuiltIn">
<doc>Logs the given message to the console.</doc>
<arguments>
<arg>${name}</arg>
</arguments>
<status status="PASS" starttime="20191124 20:49:43.802" endtime="20191124 20:49:43.802"></status>
</kw>
<status status="PASS" starttime="20191124 20:49:43.763" endtime="20191124 20:49:43.802"></status>
</kw>
<kw name="${i} = 5" type="foritem">
<kw name="Get Text" library="SeleniumLibrary">
<doc>Returns the text value of the element identified by ``locator``.</doc>
<arguments>
<arg>xpath=(${xpath})[${i}]</arg>
</arguments>
<assign>
<var>${name}</var>
</assign>
<msg timestamp="20191124 20:49:43.840" level="INFO">${name} = Printed Dress</msg>
<status status="PASS" starttime="20191124 20:49:43.803" endtime="20191124 20:49:43.840"></status>
</kw>
<kw name="Log To Console" library="BuiltIn">
<doc>Logs the given message to the console.</doc>
<arguments>
<arg>${name}</arg>
</arguments>
<status status="PASS" starttime="20191124 20:49:43.841" endtime="20191124 20:49:43.841"></status>
</kw>
<status status="PASS" starttime="20191124 20:49:43.802" endtime="20191124 20:49:43.841"></status>
</kw>
<kw name="${i} = 6" type="foritem">
<kw name="Get Text" library="SeleniumLibrary">
<doc>Returns the text value of the element identified by ``locator``.</doc>
<arguments>
<arg>xpath=(${xpath})[${i}]</arg>
</arguments>
<assign>
<var>${name}</var>
</assign>
<msg timestamp="20191124 20:49:43.874" level="INFO">${name} = Faded Short Sleeve T-shirts</msg>
<status status="PASS" starttime="20191124 20:49:43.842" endtime="20191124 20:49:43.874"></status>
</kw>
<kw name="Log To Console" library="BuiltIn">
<doc>Logs the given message to the console.</doc>
<arguments>
<arg>${name}</arg>
</arguments>
<status status="PASS" starttime="20191124 20:49:43.874" endtime="20191124 20:49:43.874"></status>
</kw>
<status status="PASS" starttime="20191124 20:49:43.842" endtime="20191124 20:49:43.874"></status>
</kw>
<kw name="${i} = 7" type="foritem">
<kw name="Get Text" library="SeleniumLibrary">
<doc>Returns the text value of the element identified by ``locator``.</doc>
<arguments>
<arg>xpath=(${xpath})[${i}]</arg>
</arguments>
<assign>
<var>${name}</var>
</assign>
<msg timestamp="20191124 20:49:43.905" level="INFO">${name} = Blouse</msg>
<status status="PASS" starttime="20191124 20:49:43.874" endtime="20191124 20:49:43.921"></status>
</kw>
<kw name="Log To Console" library="BuiltIn">
<doc>Logs the given message to the console.</doc>
<arguments>
<arg>${name}</arg>
</arguments>
<status status="PASS" starttime="20191124 20:49:43.921" endtime="20191124 20:49:43.921"></status>
</kw>
<status status="PASS" starttime="20191124 20:49:43.874" endtime="20191124 20:49:43.921"></status>
</kw>
<status status="PASS" starttime="20191124 20:49:43.631" endtime="20191124 20:49:43.921"></status>
</kw>
<status status="PASS" starttime="20191124 20:49:41.608" endtime="20191124 20:49:43.921"></status>
</kw>
<kw name="Close Browser Window" library="Login_Keywords" type="teardown">
<doc>Keywords to close browser</doc>
<kw name="Close Browser" library="SeleniumLibrary">
<doc>Closes the current browser.</doc>
<status status="PASS" starttime="20191124 20:49:43.921" endtime="20191124 20:49:46.184"></status>
</kw>
<status status="PASS" starttime="20191124 20:49:43.921" endtime="20191124 20:49:46.184"></status>
</kw>
<tags>
<tag>Sanity</tag>
</tags>
<status status="PASS" starttime="20191124 20:49:06.996" endtime="20191124 20:49:46.184" critical="yes"></status>
</test>
<status status="PASS" starttime="20191124 20:49:02.351" endtime="20191124 20:49:46.184"></status>
</suite>
<statistics>
<total>
<stat pass="1" fail="0">Critical Tests</stat>
<stat pass="1" fail="0">All Tests</stat>
</total>
<tag>
<stat pass="1" fail="0">Sanity</stat>
</tag>
<suite>
<stat pass="1" fail="0" id="s1" name="02-HomePage">02-HomePage</stat>
</suite>
</statistics>
<errors>
</errors>
</robot>
